{"level":"\u001b[31merror\u001b[39m","message":"Client must be connected before running operations","service":"device","timestamp":"2023-07-06 14:57:18"}
{"level":"\u001b[31merror\u001b[39m","message":"tickets validation failed: deadline.0: Cast to [date] failed for value \"[ 'dsdsd' ]\" (type string) at path \"deadline.0\" because of \"CastError\", issue: Path `issue` is required.","service":"device","timestamp":"2023-07-06 16:27:58"}
{"level":"\u001b[31merror\u001b[39m","message":"tickets validation failed: status: Path `status` is required., issue: Path `issue` is required.","service":"device","timestamp":"2023-07-06 16:28:34"}
{"level":"\u001b[31merror\u001b[39m","message":"tickets validation failed: status: Path `status` is required., client: Path `client` is required., issue: Path `issue` is required.","service":"device","timestamp":"2023-07-06 16:29:02"}
{"level":"\u001b[31merror\u001b[39m","message":"tickets validation failed: status: Path `status` is required.","service":"device","timestamp":"2023-07-06 16:29:16"}
{"level":"\u001b[31merror\u001b[39m","message":"tickets validation failed: status: Path `status` is required.","service":"device","timestamp":"2023-07-06 16:33:55"}
{"level":"\u001b[31merror\u001b[39m","message":"tickets validation failed: status: Path `status` is required., client: Path `client` is required.","service":"device","timestamp":"2023-07-06 16:34:32"}
{"level":"\u001b[31merror\u001b[39m","message":"tickets validation failed: status: Path `status` is required.","service":"device","timestamp":"2023-07-06 16:34:40"}
{"level":"\u001b[31merror\u001b[39m","message":"tickets validation failed: status: Path `status` is required.","service":"device","timestamp":"2023-07-06 16:34:49"}
{"level":"\u001b[31merror\u001b[39m","message":"tickets validation failed: status: Path `status` is required.","service":"device","timestamp":"2023-07-06 16:37:56"}
{"level":"\u001b[31merror\u001b[39m","message":"tickets validation failed: deadline.0: Cast to [date] failed for value \"[ 'dsdsd' ]\" (type string) at path \"deadline.0\" because of \"CastError\"","service":"device","timestamp":"2023-07-06 16:44:25"}
{"level":"\u001b[31merror\u001b[39m","message":"tickets validation failed: deadline.0: Cast to [date] failed for value \"[ 'dsdsd' ]\" (type string) at path \"deadline.0\" because of \"CastError\", status: `closeds` is not a valid enum value for path `status`.","service":"device","timestamp":"2023-07-06 16:55:50"}
{"level":"\u001b[31merror\u001b[39m","message":"E11000 duplicate key error collection: notificationsDB.tickets index: client_1 dup key: { client: \"sunday\" }","service":"device","timestamp":"2023-07-06 17:04:31"}
{"level":"\u001b[31merror\u001b[39m","message":"E11000 duplicate key error collection: notificationsDB.tickets index: client_1 dup key: { client: \"sunday\" }","service":"device","timestamp":"2023-07-06 17:05:08"}
{"level":"\u001b[31merror\u001b[39m","message":"client already exist","service":"device","timestamp":"2023-07-06 17:05:59"}
{"level":"\u001b[31merror\u001b[39m","message":"client already exist","service":"device","timestamp":"2023-07-06 17:06:36"}
{"level":"\u001b[31merror\u001b[39m","message":"client already exist","service":"device","timestamp":"2023-07-06 17:13:13"}
{"level":"\u001b[31merror\u001b[39m","message":"client already exist","service":"device","timestamp":"2023-07-06 17:56:18"}
{"level":"\u001b[31merror\u001b[39m","message":"client already exist","service":"device","timestamp":"2023-07-06 18:00:53"}
{"level":"\u001b[31merror\u001b[39m","message":"client already exist","service":"device","timestamp":"2023-07-06 18:02:22"}
{"level":"\u001b[31merror\u001b[39m","message":"client already exist","service":"device","timestamp":"2023-07-06 18:03:46"}
{"level":"\u001b[31merror\u001b[39m","message":"client already exist","service":"device","timestamp":"2023-07-06 18:04:15"}
{"level":"\u001b[31merror\u001b[39m","message":"client already exist","service":"device","timestamp":"2023-07-06 18:43:03"}
{"level":"\u001b[31merror\u001b[39m","message":"client already exist","service":"device","timestamp":"2023-07-06 18:49:15"}
{"level":"\u001b[31merror\u001b[39m","message":"client already exist","service":"device","timestamp":"2023-07-06 18:50:05"}
{"level":"\u001b[31merror\u001b[39m","message":"client already exist","service":"device","timestamp":"2023-07-06 18:50:12"}
{"level":"\u001b[31merror\u001b[39m","message":"client already exist","service":"device","timestamp":"2023-07-06 18:51:56"}
{"level":"\u001b[31merror\u001b[39m","message":"client already exist","service":"device","timestamp":"2023-07-06 18:52:52"}
{"level":"\u001b[31merror\u001b[39m","message":"client already exist","service":"device","timestamp":"2023-07-06 18:53:38"}
{"level":"\u001b[31merror\u001b[39m","message":"client already exist","service":"device","timestamp":"2023-07-06 18:55:32"}
{"level":"\u001b[31merror\u001b[39m","message":"client already exist","service":"device","timestamp":"2023-07-06 18:55:58"}
{"level":"\u001b[31merror\u001b[39m","message":"client already exist","service":"device","timestamp":"2023-07-06 18:56:07"}
{"level":"\u001b[31merror\u001b[39m","message":"client already exist","service":"device","timestamp":"2023-07-06 18:56:28"}
{"level":"\u001b[31merror\u001b[39m","message":"client already exist","service":"device","timestamp":"2023-07-06 18:56:36"}
{"level":"\u001b[31merror\u001b[39m","message":"client already exist","service":"device","timestamp":"2023-07-06 18:56:42"}
{"level":"\u001b[31merror\u001b[39m","message":"Ticket not found","service":"device","timestamp":"2023-07-06 21:23:22"}
{"level":"\u001b[31merror\u001b[39m","message":"Cast to ObjectId failed for value \"3\" (type string) at path \"_id\" for model \"tickets\"","service":"device","timestamp":"2023-07-06 21:28:22"}
{"level":"\u001b[31merror\u001b[39m","message":"Cast to ObjectId failed for value \"1\" (type string) at path \"_id\" for model \"tickets\"","service":"device","timestamp":"2023-07-06 21:29:55"}
{"level":"\u001b[31merror\u001b[39m","message":"Cast to ObjectId failed for value \"1\" (type string) at path \"_id\" for model \"tickets\"","service":"device","timestamp":"2023-07-06 21:30:06"}
{"level":"\u001b[31merror\u001b[39m","message":"Cast to ObjectId failed for value \"1\" (type string) at path \"_id\" for model \"tickets\"","service":"device","timestamp":"2023-07-06 21:36:30"}
{"level":"\u001b[31merror\u001b[39m","message":"Cast to ObjectId failed for value \"2\" (type string) at path \"_id\" for model \"tickets\"","service":"device","timestamp":"2023-07-06 21:36:35"}
{"level":"\u001b[31merror\u001b[39m","message":"Cast to ObjectId failed for value \"1\" (type string) at path \"_id\" for model \"tickets\"","service":"device","timestamp":"2023-07-06 21:44:43"}
{"level":"\u001b[31merror\u001b[39m","message":"Cast to ObjectId failed for value \"1\" (type string) at path \"_id\" for model \"tickets\"","service":"device","timestamp":"2023-07-06 21:46:22"}
{"level":"\u001b[31merror\u001b[39m","message":"Cast to ObjectId failed for value \"1\" (type string) at path \"_id\" for model \"tickets\"","service":"device","timestamp":"2023-07-06 21:48:14"}
{"level":"\u001b[31merror\u001b[39m","message":"Cast to ObjectId failed for value \"3\" (type string) at path \"_id\" for model \"tickets\"","service":"device","timestamp":"2023-07-06 21:48:43"}
{"level":"\u001b[31merror\u001b[39m","message":"client already exist","service":"device","timestamp":"2023-07-06 21:51:57"}
{"level":"\u001b[31merror\u001b[39m","message":"client already exist","service":"device","timestamp":"2023-07-06 21:53:18"}
